<?xml version="1.0" encoding="UTF-8"?>
<testsuite xmlns:xsi="http://www.w3.org/2001/XMLSchema-instance" xsi:noNamespaceSchemaLocation="https://maven.apache.org/surefire/maven-surefire-plugin/xsd/surefire-test-report.xsd" name="com.wzxlq.easycode.EasycodeApplicationTests" time="12.362" tests="1" errors="0" skipped="0" failures="0">
  <properties>
    <property name="sun.desktop" value="windows"/>
    <property name="awt.toolkit" value="sun.awt.windows.WToolkit"/>
    <property name="file.encoding.pkg" value="sun.io"/>
    <property name="java.specification.version" value="1.8"/>
    <property name="sun.cpu.isalist" value="amd64"/>
    <property name="sun.jnu.encoding" value="GBK"/>
    <property name="java.class.path" value="D:\javaEE\easycode\target\test-classes;D:\javaEE\easycode\target\classes;D:\reposi\org\springframework\boot\spring-boot-starter-web\2.3.5.RELEASE\spring-boot-starter-web-2.3.5.RELEASE.jar;D:\reposi\org\springframework\boot\spring-boot-starter\2.3.5.RELEASE\spring-boot-starter-2.3.5.RELEASE.jar;D:\reposi\org\springframework\boot\spring-boot-starter-logging\2.3.5.RELEASE\spring-boot-starter-logging-2.3.5.RELEASE.jar;D:\reposi\ch\qos\logback\logback-classic\1.2.3\logback-classic-1.2.3.jar;D:\reposi\ch\qos\logback\logback-core\1.2.3\logback-core-1.2.3.jar;D:\reposi\org\apache\logging\log4j\log4j-to-slf4j\2.13.3\log4j-to-slf4j-2.13.3.jar;D:\reposi\org\apache\logging\log4j\log4j-api\2.13.3\log4j-api-2.13.3.jar;D:\reposi\org\slf4j\jul-to-slf4j\1.7.30\jul-to-slf4j-1.7.30.jar;D:\reposi\jakarta\annotation\jakarta.annotation-api\1.3.5\jakarta.annotation-api-1.3.5.jar;D:\reposi\org\yaml\snakeyaml\1.26\snakeyaml-1.26.jar;D:\reposi\org\springframework\boot\spring-boot-starter-json\2.3.5.RELEASE\spring-boot-starter-json-2.3.5.RELEASE.jar;D:\reposi\com\fasterxml\jackson\core\jackson-databind\2.11.3\jackson-databind-2.11.3.jar;D:\reposi\com\fasterxml\jackson\core\jackson-annotations\2.11.3\jackson-annotations-2.11.3.jar;D:\reposi\com\fasterxml\jackson\core\jackson-core\2.11.3\jackson-core-2.11.3.jar;D:\reposi\com\fasterxml\jackson\datatype\jackson-datatype-jdk8\2.11.3\jackson-datatype-jdk8-2.11.3.jar;D:\reposi\com\fasterxml\jackson\datatype\jackson-datatype-jsr310\2.11.3\jackson-datatype-jsr310-2.11.3.jar;D:\reposi\com\fasterxml\jackson\module\jackson-module-parameter-names\2.11.3\jackson-module-parameter-names-2.11.3.jar;D:\reposi\org\springframework\boot\spring-boot-starter-tomcat\2.3.5.RELEASE\spring-boot-starter-tomcat-2.3.5.RELEASE.jar;D:\reposi\org\apache\tomcat\embed\tomcat-embed-core\9.0.39\tomcat-embed-core-9.0.39.jar;D:\reposi\org\glassfish\jakarta.el\3.0.3\jakarta.el-3.0.3.jar;D:\reposi\org\apache\tomcat\embed\tomcat-embed-websocket\9.0.39\tomcat-embed-websocket-9.0.39.jar;D:\reposi\org\springframework\spring-web\5.2.10.RELEASE\spring-web-5.2.10.RELEASE.jar;D:\reposi\org\springframework\spring-beans\5.2.10.RELEASE\spring-beans-5.2.10.RELEASE.jar;D:\reposi\org\springframework\spring-webmvc\5.2.10.RELEASE\spring-webmvc-5.2.10.RELEASE.jar;D:\reposi\org\springframework\spring-aop\5.2.10.RELEASE\spring-aop-5.2.10.RELEASE.jar;D:\reposi\org\springframework\spring-context\5.2.10.RELEASE\spring-context-5.2.10.RELEASE.jar;D:\reposi\org\springframework\spring-expression\5.2.10.RELEASE\spring-expression-5.2.10.RELEASE.jar;D:\reposi\org\springframework\boot\spring-boot-devtools\2.3.5.RELEASE\spring-boot-devtools-2.3.5.RELEASE.jar;D:\reposi\org\springframework\boot\spring-boot\2.3.5.RELEASE\spring-boot-2.3.5.RELEASE.jar;D:\reposi\org\springframework\boot\spring-boot-autoconfigure\2.3.5.RELEASE\spring-boot-autoconfigure-2.3.5.RELEASE.jar;D:\reposi\mysql\mysql-connector-java\5.1.47\mysql-connector-java-5.1.47.jar;D:\reposi\org\springframework\boot\spring-boot-starter-actuator\2.3.5.RELEASE\spring-boot-starter-actuator-2.3.5.RELEASE.jar;D:\reposi\org\springframework\boot\spring-boot-actuator-autoconfigure\2.3.5.RELEASE\spring-boot-actuator-autoconfigure-2.3.5.RELEASE.jar;D:\reposi\org\springframework\boot\spring-boot-actuator\2.3.5.RELEASE\spring-boot-actuator-2.3.5.RELEASE.jar;D:\reposi\io\micrometer\micrometer-core\1.5.6\micrometer-core-1.5.6.jar;D:\reposi\org\hdrhistogram\HdrHistogram\2.1.12\HdrHistogram-2.1.12.jar;D:\reposi\org\latencyutils\LatencyUtils\2.0.3\LatencyUtils-2.0.3.jar;D:\reposi\io\micrometer\micrometer-registry-influx\1.5.6\micrometer-registry-influx-1.5.6.jar;D:\reposi\org\slf4j\slf4j-api\1.7.30\slf4j-api-1.7.30.jar;D:\reposi\org\influxdb\influxdb-java\2.15\influxdb-java-2.15.jar;D:\reposi\com\squareup\retrofit2\retrofit\2.5.0\retrofit-2.5.0.jar;D:\reposi\com\squareup\retrofit2\converter-moshi\2.5.0\converter-moshi-2.5.0.jar;D:\reposi\com\squareup\moshi\moshi\1.5.0\moshi-1.5.0.jar;D:\reposi\org\msgpack\msgpack-core\0.8.16\msgpack-core-0.8.16.jar;D:\reposi\com\squareup\okhttp3\okhttp\3.14.9\okhttp-3.14.9.jar;D:\reposi\com\squareup\okio\okio\1.17.2\okio-1.17.2.jar;D:\reposi\com\squareup\okhttp3\logging-interceptor\3.14.9\logging-interceptor-3.14.9.jar;D:\reposi\org\springframework\boot\spring-boot-configuration-processor\2.3.5.RELEASE\spring-boot-configuration-processor-2.3.5.RELEASE.jar;D:\reposi\org\projectlombok\lombok\1.18.16\lombok-1.18.16.jar;D:\reposi\org\mybatis\spring\boot\mybatis-spring-boot-starter\1.3.2\mybatis-spring-boot-starter-1.3.2.jar;D:\reposi\org\springframework\boot\spring-boot-starter-jdbc\2.3.5.RELEASE\spring-boot-starter-jdbc-2.3.5.RELEASE.jar;D:\reposi\com\zaxxer\HikariCP\3.4.5\HikariCP-3.4.5.jar;D:\reposi\org\springframework\spring-jdbc\5.2.10.RELEASE\spring-jdbc-5.2.10.RELEASE.jar;D:\reposi\org\springframework\spring-tx\5.2.10.RELEASE\spring-tx-5.2.10.RELEASE.jar;D:\reposi\org\mybatis\spring\boot\mybatis-spring-boot-autoconfigure\1.3.2\mybatis-spring-boot-autoconfigure-1.3.2.jar;D:\reposi\org\mybatis\mybatis\3.4.6\mybatis-3.4.6.jar;D:\reposi\org\mybatis\mybatis-spring\1.3.2\mybatis-spring-1.3.2.jar;D:\reposi\org\springframework\boot\spring-boot-starter-test\2.3.5.RELEASE\spring-boot-starter-test-2.3.5.RELEASE.jar;D:\reposi\org\springframework\boot\spring-boot-test\2.3.5.RELEASE\spring-boot-test-2.3.5.RELEASE.jar;D:\reposi\org\springframework\boot\spring-boot-test-autoconfigure\2.3.5.RELEASE\spring-boot-test-autoconfigure-2.3.5.RELEASE.jar;D:\reposi\com\jayway\jsonpath\json-path\2.4.0\json-path-2.4.0.jar;D:\reposi\net\minidev\json-smart\2.3\json-smart-2.3.jar;D:\reposi\net\minidev\accessors-smart\1.2\accessors-smart-1.2.jar;D:\reposi\org\ow2\asm\asm\5.0.4\asm-5.0.4.jar;D:\reposi\jakarta\xml\bind\jakarta.xml.bind-api\2.3.3\jakarta.xml.bind-api-2.3.3.jar;D:\reposi\jakarta\activation\jakarta.activation-api\1.2.2\jakarta.activation-api-1.2.2.jar;D:\reposi\org\assertj\assertj-core\3.16.1\assertj-core-3.16.1.jar;D:\reposi\org\hamcrest\hamcrest\2.2\hamcrest-2.2.jar;D:\reposi\org\junit\jupiter\junit-jupiter\5.6.3\junit-jupiter-5.6.3.jar;D:\reposi\org\junit\jupiter\junit-jupiter-api\5.6.3\junit-jupiter-api-5.6.3.jar;D:\reposi\org\apiguardian\apiguardian-api\1.1.0\apiguardian-api-1.1.0.jar;D:\reposi\org\opentest4j\opentest4j\1.2.0\opentest4j-1.2.0.jar;D:\reposi\org\junit\platform\junit-platform-commons\1.6.3\junit-platform-commons-1.6.3.jar;D:\reposi\org\junit\jupiter\junit-jupiter-params\5.6.3\junit-jupiter-params-5.6.3.jar;D:\reposi\org\junit\jupiter\junit-jupiter-engine\5.6.3\junit-jupiter-engine-5.6.3.jar;D:\reposi\org\junit\platform\junit-platform-engine\1.6.3\junit-platform-engine-1.6.3.jar;D:\reposi\org\mockito\mockito-core\3.3.3\mockito-core-3.3.3.jar;D:\reposi\net\bytebuddy\byte-buddy\1.10.17\byte-buddy-1.10.17.jar;D:\reposi\net\bytebuddy\byte-buddy-agent\1.10.17\byte-buddy-agent-1.10.17.jar;D:\reposi\org\objenesis\objenesis\2.6\objenesis-2.6.jar;D:\reposi\org\mockito\mockito-junit-jupiter\3.3.3\mockito-junit-jupiter-3.3.3.jar;D:\reposi\org\skyscreamer\jsonassert\1.5.0\jsonassert-1.5.0.jar;D:\reposi\com\vaadin\external\google\android-json\0.0.20131108.vaadin1\android-json-0.0.20131108.vaadin1.jar;D:\reposi\org\springframework\spring-core\5.2.10.RELEASE\spring-core-5.2.10.RELEASE.jar;D:\reposi\org\springframework\spring-jcl\5.2.10.RELEASE\spring-jcl-5.2.10.RELEASE.jar;D:\reposi\org\springframework\spring-test\5.2.10.RELEASE\spring-test-5.2.10.RELEASE.jar;D:\reposi\org\xmlunit\xmlunit-core\2.7.0\xmlunit-core-2.7.0.jar;D:\reposi\org\springframework\boot\spring-boot-starter-mail\2.3.5.RELEASE\spring-boot-starter-mail-2.3.5.RELEASE.jar;D:\reposi\org\springframework\spring-context-support\5.2.10.RELEASE\spring-context-support-5.2.10.RELEASE.jar;D:\reposi\com\sun\mail\jakarta.mail\1.6.5\jakarta.mail-1.6.5.jar;D:\reposi\com\sun\activation\jakarta.activation\1.2.2\jakarta.activation-1.2.2.jar;D:\reposi\com\alibaba\druid\1.0.16\druid-1.0.16.jar;F:\Jdk\jre\..\lib\jconsole.jar;F:\Jdk\jre\..\lib\tools.jar;"/>
    <property name="java.vm.vendor" value="Oracle Corporation"/>
    <property name="sun.arch.data.model" value="64"/>
    <property name="user.variant" value=""/>
    <property name="java.vendor.url" value="http://java.oracle.com/"/>
    <property name="user.timezone" value="Asia/Shanghai"/>
    <property name="java.vm.specification.version" value="1.8"/>
    <property name="os.name" value="Windows 10"/>
    <property name="user.country" value="CN"/>
    <property name="sun.java.launcher" value="SUN_STANDARD"/>
    <property name="sun.boot.library.path" value="F:\Jdk\jre\bin"/>
    <property name="sun.java.command" value="C:\Users\asus\AppData\Local\Temp\surefire6445900504705856434\surefirebooter3529895527049131458.jar C:\Users\asus\AppData\Local\Temp\surefire6445900504705856434 2021-03-31T20-22-33_953-jvmRun1 surefire699499675410078698tmp surefire_0762652886537335511tmp"/>
    <property name="surefire.test.class.path" value="D:\javaEE\easycode\target\test-classes;D:\javaEE\easycode\target\classes;D:\reposi\org\springframework\boot\spring-boot-starter-web\2.3.5.RELEASE\spring-boot-starter-web-2.3.5.RELEASE.jar;D:\reposi\org\springframework\boot\spring-boot-starter\2.3.5.RELEASE\spring-boot-starter-2.3.5.RELEASE.jar;D:\reposi\org\springframework\boot\spring-boot-starter-logging\2.3.5.RELEASE\spring-boot-starter-logging-2.3.5.RELEASE.jar;D:\reposi\ch\qos\logback\logback-classic\1.2.3\logback-classic-1.2.3.jar;D:\reposi\ch\qos\logback\logback-core\1.2.3\logback-core-1.2.3.jar;D:\reposi\org\apache\logging\log4j\log4j-to-slf4j\2.13.3\log4j-to-slf4j-2.13.3.jar;D:\reposi\org\apache\logging\log4j\log4j-api\2.13.3\log4j-api-2.13.3.jar;D:\reposi\org\slf4j\jul-to-slf4j\1.7.30\jul-to-slf4j-1.7.30.jar;D:\reposi\jakarta\annotation\jakarta.annotation-api\1.3.5\jakarta.annotation-api-1.3.5.jar;D:\reposi\org\yaml\snakeyaml\1.26\snakeyaml-1.26.jar;D:\reposi\org\springframework\boot\spring-boot-starter-json\2.3.5.RELEASE\spring-boot-starter-json-2.3.5.RELEASE.jar;D:\reposi\com\fasterxml\jackson\core\jackson-databind\2.11.3\jackson-databind-2.11.3.jar;D:\reposi\com\fasterxml\jackson\core\jackson-annotations\2.11.3\jackson-annotations-2.11.3.jar;D:\reposi\com\fasterxml\jackson\core\jackson-core\2.11.3\jackson-core-2.11.3.jar;D:\reposi\com\fasterxml\jackson\datatype\jackson-datatype-jdk8\2.11.3\jackson-datatype-jdk8-2.11.3.jar;D:\reposi\com\fasterxml\jackson\datatype\jackson-datatype-jsr310\2.11.3\jackson-datatype-jsr310-2.11.3.jar;D:\reposi\com\fasterxml\jackson\module\jackson-module-parameter-names\2.11.3\jackson-module-parameter-names-2.11.3.jar;D:\reposi\org\springframework\boot\spring-boot-starter-tomcat\2.3.5.RELEASE\spring-boot-starter-tomcat-2.3.5.RELEASE.jar;D:\reposi\org\apache\tomcat\embed\tomcat-embed-core\9.0.39\tomcat-embed-core-9.0.39.jar;D:\reposi\org\glassfish\jakarta.el\3.0.3\jakarta.el-3.0.3.jar;D:\reposi\org\apache\tomcat\embed\tomcat-embed-websocket\9.0.39\tomcat-embed-websocket-9.0.39.jar;D:\reposi\org\springframework\spring-web\5.2.10.RELEASE\spring-web-5.2.10.RELEASE.jar;D:\reposi\org\springframework\spring-beans\5.2.10.RELEASE\spring-beans-5.2.10.RELEASE.jar;D:\reposi\org\springframework\spring-webmvc\5.2.10.RELEASE\spring-webmvc-5.2.10.RELEASE.jar;D:\reposi\org\springframework\spring-aop\5.2.10.RELEASE\spring-aop-5.2.10.RELEASE.jar;D:\reposi\org\springframework\spring-context\5.2.10.RELEASE\spring-context-5.2.10.RELEASE.jar;D:\reposi\org\springframework\spring-expression\5.2.10.RELEASE\spring-expression-5.2.10.RELEASE.jar;D:\reposi\org\springframework\boot\spring-boot-devtools\2.3.5.RELEASE\spring-boot-devtools-2.3.5.RELEASE.jar;D:\reposi\org\springframework\boot\spring-boot\2.3.5.RELEASE\spring-boot-2.3.5.RELEASE.jar;D:\reposi\org\springframework\boot\spring-boot-autoconfigure\2.3.5.RELEASE\spring-boot-autoconfigure-2.3.5.RELEASE.jar;D:\reposi\mysql\mysql-connector-java\5.1.47\mysql-connector-java-5.1.47.jar;D:\reposi\org\springframework\boot\spring-boot-starter-actuator\2.3.5.RELEASE\spring-boot-starter-actuator-2.3.5.RELEASE.jar;D:\reposi\org\springframework\boot\spring-boot-actuator-autoconfigure\2.3.5.RELEASE\spring-boot-actuator-autoconfigure-2.3.5.RELEASE.jar;D:\reposi\org\springframework\boot\spring-boot-actuator\2.3.5.RELEASE\spring-boot-actuator-2.3.5.RELEASE.jar;D:\reposi\io\micrometer\micrometer-core\1.5.6\micrometer-core-1.5.6.jar;D:\reposi\org\hdrhistogram\HdrHistogram\2.1.12\HdrHistogram-2.1.12.jar;D:\reposi\org\latencyutils\LatencyUtils\2.0.3\LatencyUtils-2.0.3.jar;D:\reposi\io\micrometer\micrometer-registry-influx\1.5.6\micrometer-registry-influx-1.5.6.jar;D:\reposi\org\slf4j\slf4j-api\1.7.30\slf4j-api-1.7.30.jar;D:\reposi\org\influxdb\influxdb-java\2.15\influxdb-java-2.15.jar;D:\reposi\com\squareup\retrofit2\retrofit\2.5.0\retrofit-2.5.0.jar;D:\reposi\com\squareup\retrofit2\converter-moshi\2.5.0\converter-moshi-2.5.0.jar;D:\reposi\com\squareup\moshi\moshi\1.5.0\moshi-1.5.0.jar;D:\reposi\org\msgpack\msgpack-core\0.8.16\msgpack-core-0.8.16.jar;D:\reposi\com\squareup\okhttp3\okhttp\3.14.9\okhttp-3.14.9.jar;D:\reposi\com\squareup\okio\okio\1.17.2\okio-1.17.2.jar;D:\reposi\com\squareup\okhttp3\logging-interceptor\3.14.9\logging-interceptor-3.14.9.jar;D:\reposi\org\springframework\boot\spring-boot-configuration-processor\2.3.5.RELEASE\spring-boot-configuration-processor-2.3.5.RELEASE.jar;D:\reposi\org\projectlombok\lombok\1.18.16\lombok-1.18.16.jar;D:\reposi\org\mybatis\spring\boot\mybatis-spring-boot-starter\1.3.2\mybatis-spring-boot-starter-1.3.2.jar;D:\reposi\org\springframework\boot\spring-boot-starter-jdbc\2.3.5.RELEASE\spring-boot-starter-jdbc-2.3.5.RELEASE.jar;D:\reposi\com\zaxxer\HikariCP\3.4.5\HikariCP-3.4.5.jar;D:\reposi\org\springframework\spring-jdbc\5.2.10.RELEASE\spring-jdbc-5.2.10.RELEASE.jar;D:\reposi\org\springframework\spring-tx\5.2.10.RELEASE\spring-tx-5.2.10.RELEASE.jar;D:\reposi\org\mybatis\spring\boot\mybatis-spring-boot-autoconfigure\1.3.2\mybatis-spring-boot-autoconfigure-1.3.2.jar;D:\reposi\org\mybatis\mybatis\3.4.6\mybatis-3.4.6.jar;D:\reposi\org\mybatis\mybatis-spring\1.3.2\mybatis-spring-1.3.2.jar;D:\reposi\org\springframework\boot\spring-boot-starter-test\2.3.5.RELEASE\spring-boot-starter-test-2.3.5.RELEASE.jar;D:\reposi\org\springframework\boot\spring-boot-test\2.3.5.RELEASE\spring-boot-test-2.3.5.RELEASE.jar;D:\reposi\org\springframework\boot\spring-boot-test-autoconfigure\2.3.5.RELEASE\spring-boot-test-autoconfigure-2.3.5.RELEASE.jar;D:\reposi\com\jayway\jsonpath\json-path\2.4.0\json-path-2.4.0.jar;D:\reposi\net\minidev\json-smart\2.3\json-smart-2.3.jar;D:\reposi\net\minidev\accessors-smart\1.2\accessors-smart-1.2.jar;D:\reposi\org\ow2\asm\asm\5.0.4\asm-5.0.4.jar;D:\reposi\jakarta\xml\bind\jakarta.xml.bind-api\2.3.3\jakarta.xml.bind-api-2.3.3.jar;D:\reposi\jakarta\activation\jakarta.activation-api\1.2.2\jakarta.activation-api-1.2.2.jar;D:\reposi\org\assertj\assertj-core\3.16.1\assertj-core-3.16.1.jar;D:\reposi\org\hamcrest\hamcrest\2.2\hamcrest-2.2.jar;D:\reposi\org\junit\jupiter\junit-jupiter\5.6.3\junit-jupiter-5.6.3.jar;D:\reposi\org\junit\jupiter\junit-jupiter-api\5.6.3\junit-jupiter-api-5.6.3.jar;D:\reposi\org\apiguardian\apiguardian-api\1.1.0\apiguardian-api-1.1.0.jar;D:\reposi\org\opentest4j\opentest4j\1.2.0\opentest4j-1.2.0.jar;D:\reposi\org\junit\platform\junit-platform-commons\1.6.3\junit-platform-commons-1.6.3.jar;D:\reposi\org\junit\jupiter\junit-jupiter-params\5.6.3\junit-jupiter-params-5.6.3.jar;D:\reposi\org\junit\jupiter\junit-jupiter-engine\5.6.3\junit-jupiter-engine-5.6.3.jar;D:\reposi\org\junit\platform\junit-platform-engine\1.6.3\junit-platform-engine-1.6.3.jar;D:\reposi\org\mockito\mockito-core\3.3.3\mockito-core-3.3.3.jar;D:\reposi\net\bytebuddy\byte-buddy\1.10.17\byte-buddy-1.10.17.jar;D:\reposi\net\bytebuddy\byte-buddy-agent\1.10.17\byte-buddy-agent-1.10.17.jar;D:\reposi\org\objenesis\objenesis\2.6\objenesis-2.6.jar;D:\reposi\org\mockito\mockito-junit-jupiter\3.3.3\mockito-junit-jupiter-3.3.3.jar;D:\reposi\org\skyscreamer\jsonassert\1.5.0\jsonassert-1.5.0.jar;D:\reposi\com\vaadin\external\google\android-json\0.0.20131108.vaadin1\android-json-0.0.20131108.vaadin1.jar;D:\reposi\org\springframework\spring-core\5.2.10.RELEASE\spring-core-5.2.10.RELEASE.jar;D:\reposi\org\springframework\spring-jcl\5.2.10.RELEASE\spring-jcl-5.2.10.RELEASE.jar;D:\reposi\org\springframework\spring-test\5.2.10.RELEASE\spring-test-5.2.10.RELEASE.jar;D:\reposi\org\xmlunit\xmlunit-core\2.7.0\xmlunit-core-2.7.0.jar;D:\reposi\org\springframework\boot\spring-boot-starter-mail\2.3.5.RELEASE\spring-boot-starter-mail-2.3.5.RELEASE.jar;D:\reposi\org\springframework\spring-context-support\5.2.10.RELEASE\spring-context-support-5.2.10.RELEASE.jar;D:\reposi\com\sun\mail\jakarta.mail\1.6.5\jakarta.mail-1.6.5.jar;D:\reposi\com\sun\activation\jakarta.activation\1.2.2\jakarta.activation-1.2.2.jar;D:\reposi\com\alibaba\druid\1.0.16\druid-1.0.16.jar;F:\Jdk\jre\..\lib\jconsole.jar;F:\Jdk\jre\..\lib\tools.jar;"/>
    <property name="sun.cpu.endian" value="little"/>
    <property name="user.home" value="C:\Users\asus"/>
    <property name="user.language" value="zh"/>
    <property name="java.specification.vendor" value="Oracle Corporation"/>
    <property name="java.home" value="F:\Jdk\jre"/>
    <property name="basedir" value="D:\javaEE\easycode"/>
    <property name="file.separator" value="\"/>
    <property name="line.separator" value="&#10;"/>
    <property name="java.vm.specification.vendor" value="Oracle Corporation"/>
    <property name="java.specification.name" value="Java Platform API Specification"/>
    <property name="java.awt.graphicsenv" value="sun.awt.Win32GraphicsEnvironment"/>
    <property name="surefire.real.class.path" value="C:\Users\asus\AppData\Local\Temp\surefire6445900504705856434\surefirebooter3529895527049131458.jar"/>
    <property name="sun.boot.class.path" value="F:\Jdk\jre\lib\resources.jar;F:\Jdk\jre\lib\rt.jar;F:\Jdk\jre\lib\sunrsasign.jar;F:\Jdk\jre\lib\jsse.jar;F:\Jdk\jre\lib\jce.jar;F:\Jdk\jre\lib\charsets.jar;F:\Jdk\jre\lib\jfr.jar;F:\Jdk\jre\classes"/>
    <property name="user.script" value=""/>
    <property name="sun.management.compiler" value="HotSpot 64-Bit Tiered Compilers"/>
    <property name="java.runtime.version" value="1.8.0_201-b09"/>
    <property name="user.name" value="asus"/>
    <property name="path.separator" value=";"/>
    <property name="os.version" value="10.0"/>
    <property name="java.endorsed.dirs" value="F:\Jdk\jre\lib\endorsed"/>
    <property name="java.runtime.name" value="Java(TM) SE Runtime Environment"/>
    <property name="file.encoding" value="GBK"/>
    <property name="java.vm.name" value="Java HotSpot(TM) 64-Bit Server VM"/>
    <property name="idea.version2020.1" value="true"/>
    <property name="localRepository" value="D:\reposi"/>
    <property name="java.vendor.url.bug" value="http://bugreport.sun.com/bugreport/"/>
    <property name="java.io.tmpdir" value="C:\Users\asus\AppData\Local\Temp\"/>
    <property name="java.version" value="1.8.0_201"/>
    <property name="user.dir" value="D:\javaEE\easycode"/>
    <property name="os.arch" value="amd64"/>
    <property name="java.vm.specification.name" value="Java Virtual Machine Specification"/>
    <property name="java.awt.printerjob" value="sun.awt.windows.WPrinterJob"/>
    <property name="sun.os.patch.level" value=""/>
    <property name="java.library.path" value="F:\Jdk\jre\bin;C:\WINDOWS\Sun\Java\bin;C:\WINDOWS\system32;C:\WINDOWS;F:\xftp\;F:\xshell\;.;C:\Program Files\MySQL\MySQL Server 8.0\bin\;F:\Jdk\bin;F:\Jdk\jre\bin;C:\Program Files (x86)\Intel\iCLS Client\;C:\Program Files\Intel\iCLS Client\;C:\Windows\system32;C:\Windows;C:\Windows\System32\Wbem;C:\Windows\System32\WindowsPowerShell\v1.0\;C:\Program Files (x86)\NVIDIA Corporation\PhysX\Common;C:\Program Files (x86)\Intel\Intel(R) Management Engine Components\DAL;C:\Program Files\Intel\Intel(R) Management Engine Components\DAL;C:\Program Files (x86)\Intel\Intel(R) Management Engine Components\IPT;C:\Program Files\Intel\Intel(R) Management Engine Components\IPT;C:\WINDOWS\system32;C:\WINDOWS;C:\WINDOWS\System32\Wbem;C:\WINDOWS\System32\WindowsPowerShell\v1.0\;C:\WINDOWS\System32\OpenSSH\;C:\Program Files\MySQL\MySQL Server 5.6\bin;I:\软件需求工程\common;D:\git\Git\bin;D:\yk_temp\谷歌下载\apache-maven-3.6.0-bin\apache-maven-3.6.0\bin;D:\node\;D:\svn\bin;C:\Users\asus\AppData\Local\Programs\Python\Python38-32\Scripts\;C:\Users\asus\AppData\Local\Programs\Python\Python38-32\;C:\Users\asus\AppData\Local\Programs\Python\Launcher\;C:\Users\asus\AppData\Local\Microsoft\WindowsApps;C:\Program Files\Bandizip\;D:\vscode\Microsoft VS Code\bin;D:\node_global;C:\Users\asus\AppData\Local\Pandoc\;;."/>
    <property name="java.vm.info" value="mixed mode"/>
    <property name="java.vendor" value="Oracle Corporation"/>
    <property name="java.vm.version" value="25.201-b09"/>
    <property name="java.ext.dirs" value="F:\Jdk\jre\lib\ext;C:\WINDOWS\Sun\Java\lib\ext"/>
    <property name="sun.io.unicode.encoding" value="UnicodeLittle"/>
    <property name="java.class.version" value="52.0"/>
  </properties>
  <testcase name="contextLoads" classname="com.wzxlq.easycode.EasycodeApplicationTests" time="1.709"/>
</testsuite>